[I 21:31:19.361 NotebookApp] Writing notebook server cookie secret to /home/gabriel/.local/share/jupyter/runtime/notebook_cookie_secret
[I 21:31:19.685 NotebookApp] Serving notebooks from local directory: /home/gabriel/Documents/urepc/urepc_rcode/first_analysis
[I 21:31:19.685 NotebookApp] Jupyter Notebook 6.4.3 is running at:
[I 21:31:19.685 NotebookApp] http://localhost:8888/?token=8de9d8f8064af8a97b1094a677cc63b27e81bcbd88e8aa11
[I 21:31:19.685 NotebookApp]  or http://127.0.0.1:8888/?token=8de9d8f8064af8a97b1094a677cc63b27e81bcbd88e8aa11
[I 21:31:19.685 NotebookApp] Use Control-C to stop this server and shut down all kernels (twice to skip confirmation).
[C 21:31:19.718 NotebookApp] 
    
    To access the notebook, open this file in a browser:
        file:///home/gabriel/.local/share/jupyter/runtime/nbserver-7891-open.html
    Or copy and paste one of these URLs:
        http://localhost:8888/?token=8de9d8f8064af8a97b1094a677cc63b27e81bcbd88e8aa11
     or http://127.0.0.1:8888/?token=8de9d8f8064af8a97b1094a677cc63b27e81bcbd88e8aa11
[I 21:31:36.456 NotebookApp] Creating new notebook in 
[I 21:31:36.469 NotebookApp] Writing notebook-signing key to /home/gabriel/.local/share/jupyter/notebook_secret
[I 21:31:37.787 NotebookApp] Kernel started: 77f98cb7-4905-4dbe-8239-41aa3e40e78b, name: python3
[I 21:33:37.791 NotebookApp] Saving file at /profiling.ipynb
[I 21:35:38.596 NotebookApp] Saving file at /profiling.ipynb
[I 21:36:26.096 NotebookApp] Kernel interrupted: 77f98cb7-4905-4dbe-8239-41aa3e40e78b
Traceback (most recent call last):
  File "/home/gabriel/anaconda3/envs/urepc/lib/python3.9/runpy.py", line 188, in _run_module_as_main
    mod_name, mod_spec, code = _get_module_details(mod_name, _Error)
  File "/home/gabriel/anaconda3/envs/urepc/lib/python3.9/runpy.py", line 111, in _get_module_details
    __import__(pkg_name)
  File "/home/gabriel/anaconda3/envs/urepc/lib/python3.9/site-packages/joblib/__init__.py", line 113, in <module>
    from .memory import Memory, MemorizedResult, register_store_backend
  File "/home/gabriel/anaconda3/envs/urepc/lib/python3.9/site-packages/joblib/memory.py", line 33, in <module>
    from ._store_backends import StoreBackendBase, FileSystemStoreBackend
  File "/home/gabriel/anaconda3/envs/urepc/lib/python3.9/site-packages/joblib/_store_backends.py", line 15, in <module>
    from .backports import concurrency_safe_rename
  File "/home/gabriel/anaconda3/envs/urepc/lib/python3.9/site-packages/joblib/backports.py", line 13, in <module>
    import numpy as np
  File "/home/gabriel/anaconda3/envs/urepc/lib/python3.9/site-packages/numpy/__init__.py", line 353, in <module>
    _sanity_check()
  File "/home/gabriel/anaconda3/envs/urepc/lib/python3.9/site-packages/numpy/__init__.py", line 343, in _sanity_check
    if not abs(x.dot(x) - 2.0) < 1e-5:
KeyboardInterrupt
[I 21:37:37.800 NotebookApp] Saving file at /profiling.ipynb
[I 21:39:37.807 NotebookApp] Saving file at /profiling.ipynb
[I 21:41:37.791 NotebookApp] Saving file at /profiling.ipynb
[I 21:43:37.779 NotebookApp] Saving file at /profiling.ipynb
[I 21:45:37.793 NotebookApp] Saving file at /profiling.ipynb
[I 21:47:38.609 NotebookApp] Saving file at /profiling.ipynb
[I 21:51:37.790 NotebookApp] Saving file at /profiling.ipynb
[I 21:53:38.609 NotebookApp] Saving file at /profiling.ipynb
[I 21:55:38.610 NotebookApp] Saving file at /profiling.ipynb
[I 21:57:37.789 NotebookApp] Saving file at /profiling.ipynb
[I 21:59:37.788 NotebookApp] Saving file at /profiling.ipynb
[I 22:01:37.777 NotebookApp] Saving file at /profiling.ipynb
[I 22:03:38.607 NotebookApp] Saving file at /profiling.ipynb
[I 22:05:37.792 NotebookApp] Saving file at /profiling.ipynb
[I 22:07:37.799 NotebookApp] Saving file at /profiling.ipynb
[I 22:09:37.784 NotebookApp] Saving file at /profiling.ipynb
[I 22:11:37.800 NotebookApp] Saving file at /profiling.ipynb
[I 22:19:37.788 NotebookApp] Saving file at /profiling.ipynb
[I 22:23:37.784 NotebookApp] Saving file at /profiling.ipynb
[I 22:24:57.915 NotebookApp] Starting buffering for 77f98cb7-4905-4dbe-8239-41aa3e40e78b:2a7bdf5e4c854e1eb5277c4a9f6069fa
[I 22:25:00.536 NotebookApp] Kernel restarted: 77f98cb7-4905-4dbe-8239-41aa3e40e78b
[I 22:25:00.658 NotebookApp] Kernel restarted: 77f98cb7-4905-4dbe-8239-41aa3e40e78b
[I 22:25:00.666 NotebookApp] Restoring connection for 77f98cb7-4905-4dbe-8239-41aa3e40e78b:2a7bdf5e4c854e1eb5277c4a9f6069fa
[W 22:25:00.681 NotebookApp] Replacing stale connection: 77f98cb7-4905-4dbe-8239-41aa3e40e78b:2a7bdf5e4c854e1eb5277c4a9f6069fa
[I 22:25:01.169 NotebookApp] Replaying 3 buffered messages
[W 22:25:01.170 NotebookApp] zmq message arrived on closed channel
[W 22:25:01.170 NotebookApp] zmq message arrived on closed channel
[W 22:25:01.170 NotebookApp] zmq message arrived on closed channel
[I 22:25:01.171 NotebookApp] Starting buffering for 77f98cb7-4905-4dbe-8239-41aa3e40e78b:2a7bdf5e4c854e1eb5277c4a9f6069fa
[I 22:25:01.172 NotebookApp] Restoring connection for 77f98cb7-4905-4dbe-8239-41aa3e40e78b:2a7bdf5e4c854e1eb5277c4a9f6069fa
[I 22:25:01.472 NotebookApp] Starting buffering for 77f98cb7-4905-4dbe-8239-41aa3e40e78b:2a7bdf5e4c854e1eb5277c4a9f6069fa
[I 22:25:02.197 NotebookApp] Restoring connection for 77f98cb7-4905-4dbe-8239-41aa3e40e78b:2a7bdf5e4c854e1eb5277c4a9f6069fa
[I 22:25:02.206 NotebookApp] Replaying 4 buffered messages
[I 22:25:37.783 NotebookApp] Saving file at /profiling.ipynb
[I 22:27:37.809 NotebookApp] Saving file at /profiling.ipynb
[I 22:32:32.945 NotebookApp] Creating new notebook in 
[I 22:32:35.018 NotebookApp] Kernel started: a3935993-0a9e-4dd9-bb07-174ba94df917, name: python3
[I 22:34:35.613 NotebookApp] Saving file at /first_analysis_python.ipynb
Unable to find gconftool-2.  The mendeley:// link handler may not be installed correctly.
Mendeley Desktop will run normally. Some Web interactions might not work as expected (e.g. CSL Editor Save).
Install the package gconf2 to fix it. E.g. 'sudo apt-get install gconf2' or 'sudo yum install gconf2'.
/home/gabriel/Downloads/mendeleydesktop-1.19.8-linux-x86_64/bin/..//bin/install-mendeley-link-handler.sh: 76: : Permission denied
/home/gabriel/Downloads/mendeleydesktop-1.19.8-linux-x86_64/bin/..//bin/install-mendeley-link-handler.sh: 77: : Permission denied
QFSFileEngine::open: No file name specified
finishImport: adding 1 documents to database took 0.800507 ms
finishImport: adding 1 documents to database took 4.87712 ms
QNetworkReplyImplPrivate::error: Internal problem, this method must only be called once.
QNetworkReplyImplPrivate::error: Internal problem, this method must only be called once.
[I 23:45:37.172 NotebookApp] Saving file at /first_analysis_python.ipynb
[I 23:47:37.147 NotebookApp] Saving file at /first_analysis_python.ipynb
[I 23:49:37.147 NotebookApp] Saving file at /first_analysis_python.ipynb
[I 23:51:37.136 NotebookApp] Saving file at /first_analysis_python.ipynb
[I 23:53:37.135 NotebookApp] Saving file at /first_analysis_python.ipynb
[I 23:55:37.136 NotebookApp] Saving file at /first_analysis_python.ipynb
[I 23:56:29.002 NotebookApp] Saving file at /profiling.ipynb
[I 23:56:47.163 NotebookApp] Saving file at /profiling.ipynb
[I 23:57:31.126 NotebookApp] Starting buffering for 77f98cb7-4905-4dbe-8239-41aa3e40e78b:2a7bdf5e4c854e1eb5277c4a9f6069fa
[I 23:57:35.161 NotebookApp] Kernel shutdown: 77f98cb7-4905-4dbe-8239-41aa3e40e78b
[I 23:57:37.790 NotebookApp] Saving file at /first_analysis_python.ipynb
[I 00:01:37.739 NotebookApp] Saving file at /first_analysis_python.ipynb
[I 00:03:37.144 NotebookApp] Saving file at /first_analysis_python.ipynb
[I 00:05:37.728 NotebookApp] Saving file at /first_analysis_python.ipynb
[I 00:05:51.681 NotebookApp] Starting buffering for a3935993-0a9e-4dd9-bb07-174ba94df917:de675888a2204bc9b551de8d3fa55e6b
[I 00:05:53.510 NotebookApp] Kernel restarted: a3935993-0a9e-4dd9-bb07-174ba94df917
[I 00:05:53.530 NotebookApp] Restoring connection for a3935993-0a9e-4dd9-bb07-174ba94df917:de675888a2204bc9b551de8d3fa55e6b
[I 00:05:54.290 NotebookApp] Replaying 3 buffered messages
[I 00:07:37.737 NotebookApp] Saving file at /first_analysis_python.ipynb
[I 00:09:37.749 NotebookApp] Saving file at /first_analysis_python.ipynb
[I 00:11:37.728 NotebookApp] Saving file at /first_analysis_python.ipynb
[I 00:13:37.137 NotebookApp] Saving file at /first_analysis_python.ipynb
[W 00:14:51.139 NotebookApp] Notebook profiling.ipynb is not trusted
[I 00:14:51.631 NotebookApp] Kernel started: 1918dd25-a948-4d8c-810f-65de3284ba2b, name: python3
[I 00:15:02.423 NotebookApp] Starting buffering for 1918dd25-a948-4d8c-810f-65de3284ba2b:5c5c322bf2d147a88f8b350ce64519a4
[I 00:15:37.142 NotebookApp] Saving file at /first_analysis_python.ipynb
[I 00:17:37.143 NotebookApp] Saving file at /first_analysis_python.ipynb
[I 00:19:37.144 NotebookApp] Saving file at /first_analysis_python.ipynb
[I 00:50:14.709 NotebookApp] Saving file at /first_analysis_python.ipynb
[I 00:50:16.447 NotebookApp] Starting buffering for a3935993-0a9e-4dd9-bb07-174ba94df917:de675888a2204bc9b551de8d3fa55e6b
[I 00:50:19.843 NotebookApp] Kernel shutdown: a3935993-0a9e-4dd9-bb07-174ba94df917
[I 00:50:20.550 NotebookApp] Kernel shutdown: 1918dd25-a948-4d8c-810f-65de3284ba2b
